<?xml version="1.0" encoding="UTF-8"?>
<testsuite name="com.cloud.ying.longcc.RegularTest" tests="1" skipped="1" failures="0" errors="0" timestamp="2020-01-14T10:07:50" hostname="DESKTOP-Q6USJIU" time="262.627">
  <properties/>
  <testcase name="test" classname="com.cloud.ying.longcc.RegularTest" time="262.627">
    <skipped/>
  </testcase>
  <system-out><![CDATA[#5=null
]]></system-out>
  <system-err><![CDATA[]]></system-err>
</testsuite>
