<?xml version="1.0" encoding="UTF-8"?>
<testsuite name="com.cloud.ying.longcc.RegularTest" tests="1" skipped="0" failures="0" errors="0" timestamp="2020-01-16T09:02:51" hostname="DESKTOP-Q6USJIU" time="604.642">
  <properties/>
  <testcase name="test" classname="com.cloud.ying.longcc.RegularTest" time="604.642"/>
  <system-out><![CDATA[com.cloud.ying.longcc.regular.RegularCharExpression@22b04fe
]]></system-out>
  <system-err><![CDATA[]]></system-err>
</testsuite>
