<?xml version="1.0" encoding="UTF-8"?>
<testsuite name="com.cloud.ying.longcc.RegularTest" tests="1" skipped="1" failures="0" errors="0" timestamp="2020-01-13T09:50:27" hostname="DESKTOP-Q6USJIU" time="474.353">
  <properties/>
  <testcase name="test" classname="com.cloud.ying.longcc.RegularTest" time="474.353">
    <skipped/>
  </testcase>
  <system-out><![CDATA[]]></system-out>
  <system-err><![CDATA[]]></system-err>
</testsuite>
